0 info it worked if it ends with ok
1 verbose cli [ '/home/ubuntu/.nvm/v0.10.35/bin/node',
1 verbose cli   '/home/ubuntu/.nvm/v0.10.35/bin/npm',
1 verbose cli   'install' ]
2 info using npm@1.4.28
3 info using node@v0.10.35
4 warn package.json CoDrive@0.0.0 No repository field.
5 warn package.json CoDrive@0.0.0 No README data
6 verbose readDependencies using package.json deps
7 verbose install where, deps [ '/home/ubuntu/workspace',
7 verbose install   [ 'async', 'body-parser', 'express', 'mongoskin', 'socket.io' ] ]
8 info preinstall CoDrive@0.0.0
9 verbose readDependencies using package.json deps
10 verbose already installed skipping async@~0.2.8 /home/ubuntu/workspace
11 verbose already installed skipping body-parser@^1.12.2 /home/ubuntu/workspace
12 verbose already installed skipping express@~4.9.0 /home/ubuntu/workspace
13 verbose already installed skipping mongoskin@* /home/ubuntu/workspace
14 verbose already installed skipping socket.io@~0.9.14 /home/ubuntu/workspace
15 silly resolved []
16 info build /home/ubuntu/workspace
17 verbose linkStuff [ false, false, false, '/home/ubuntu' ]
18 info linkStuff CoDrive@0.0.0
19 verbose linkBins CoDrive@0.0.0
20 verbose linkMans CoDrive@0.0.0
21 verbose rebuildBundles CoDrive@0.0.0
22 verbose rebuildBundles [ 'async',
22 verbose rebuildBundles   'body-parser',
22 verbose rebuildBundles   'express',
22 verbose rebuildBundles   'mongodb',
22 verbose rebuildBundles   'mongoskin',
22 verbose rebuildBundles   'socket.io' ]
23 verbose rebuild bundle /home/ubuntu/workspace/node_modules/mongodb
24 info build /home/ubuntu/workspace/node_modules/mongodb
25 info preinstall mongodb@2.0.27
26 verbose linkStuff [ false, false, false, '/home/ubuntu/workspace/node_modules' ]
27 info linkStuff mongodb@2.0.27
28 verbose linkBins mongodb@2.0.27
29 verbose linkMans mongodb@2.0.27
30 verbose rebuildBundles mongodb@2.0.27
31 verbose rebuildBundles [ 'mongodb-core', 'readable-stream' ]
32 info install mongodb@2.0.27
33 info postinstall mongodb@2.0.27
34 info install CoDrive@0.0.0
35 info postinstall CoDrive@0.0.0
36 info prepublish CoDrive@0.0.0
37 error peerinvalid The package mongodb does not satisfy its siblings' peerDependencies requirements!
37 error peerinvalid Peer mongoskin@1.4.13 wants mongodb@~1.4
38 error System Linux 3.14.13-c9
39 error command "/home/ubuntu/.nvm/v0.10.35/bin/node" "/home/ubuntu/.nvm/v0.10.35/bin/npm" "install"
40 error cwd /home/ubuntu/workspace
41 error node -v v0.10.35
42 error npm -v 1.4.28
43 error code EPEERINVALID
44 verbose exit [ 1, true ]
